<?xml version="1.0" encoding="utf-8"?><testsuites name="pytest tests"><testsuite name="pytest" errors="0" failures="0" skipped="0" tests="18" time="21.420" timestamp="2026-06-27T15:54:48.794173+00:00" hostname="agent-env-65b2cac6-da02-43f6-9e12-af6d5f8859b6"><testcase classname="backend.tests.test_receptify_api.TestHealth" name="test_api_health" time="0.239" /><testcase classname="backend.tests.test_receptify_api.TestHealth" name="test_llm_health" time="0.042" /><testcase classname="backend.tests.test_receptify_api.TestAuth" name="test_login_demo" time="0.211" /><testcase classname="backend.tests.test_receptify_api.TestAuth" name="test_login_bad_creds" time="0.179" /><testcase classname="backend.tests.test_receptify_api.TestAuth" name="test_signup_new_user" time="0.187" /><testcase classname="backend.tests.test_receptify_api.TestAuth" name="test_me_authenticated" time="0.180" /><testcase classname="backend.tests.test_receptify_api.TestAuth" name="test_me_unauthenticated" time="0.102" /><testcase classname="backend.tests.test_receptify_api.TestCustomers" name="test_list_customers" time="0.058" /><testcase classname="backend.tests.test_receptify_api.TestCustomers" name="test_create_customer" time="0.057" /><testcase classname="backend.tests.test_receptify_api.TestCustomers" name="test_delete_customer" time="0.884" /><testcase classname="backend.tests.test_receptify_api.TestCampaigns" name="test_list_campaigns" time="0.058" /><testcase classname="backend.tests.test_receptify_api.TestCampaigns" name="test_list_calls" time="0.058" /><testcase classname="backend.tests.test_receptify_api.TestCampaigns" name="test_list_templates" time="0.067" /><testcase classname="backend.tests.test_receptify_api.TestCampaigns" name="test_analytics" time="0.066" /><testcase classname="backend.tests.test_receptify_api.TestLLMScript" name="test_generate_script" time="12.597" /><testcase classname="backend.tests.test_receptify_api.TestCampaignLifecycle" name="test_create_and_launch_campaign" time="0.188" /><testcase classname="backend.tests.test_receptify_api.TestCampaignLifecycle" name="test_campaign_calls_progress" time="6.115" /><testcase classname="backend.tests.test_receptify_api.TestCampaignLifecycle" name="test_delete_campaign" time="0.051" /></testsuite></testsuites>